This is e-pTeX, Version 3.14159265-p3.7.1-161114-2.6 (utf8.euc) (TeX Live 2017) (preloaded format=platex 2017.9.29)  16 JAN 2019 17:02
entering extended mode
 restricted \write18 enabled.
 file:line:error style messages enabled.
 %&-line parsing enabled.
**algorithmicx.tex
(./algorithmicx.tex
pLaTeX2e <2017/07/29>+1 (based on LaTeX2e <2017-04-15>)
Babel <3.13> and hyphenation patterns for 84 language(s) loaded.
(/usr/local/texlive/2017/texmf-dist/tex/latex/base/article.cls
Document Class: article 2014/09/29 v1.4h Standard LaTeX document class
(/usr/local/texlive/2017/texmf-dist/tex/latex/base/size10.clo
File: size10.clo 2014/09/29 v1.4h Standard LaTeX file (size option)
)
\c@part=\count82
\c@section=\count83
\c@subsection=\count84
\c@subsubsection=\count85
\c@paragraph=\count86
\c@subparagraph=\count87
\c@figure=\count88
\c@table=\count89
\abovecaptionskip=\skip41
\belowcaptionskip=\skip42
\bibindent=\dimen118
)
(./algorithmicx.sty
Package: algorithmicx 2005/04/27 v1.2 Algorithmicx

(/usr/local/texlive/2017/texmf-dist/tex/latex/base/ifthen.sty
Package: ifthen 2014/09/29 v1.1c Standard LaTeX ifthen package (DPC)
)
Document Style algorithmicx 1.2 - a greatly improved `algorithmic' style
\c@ALG@line=\count90
\c@ALG@rem=\count91
\c@ALG@nested=\count92
\ALG@tlm=\skip43
\ALG@thistlm=\skip44
\c@ALG@Lnr=\count93
\c@ALG@blocknr=\count94
\c@ALG@storecount=\count95
\c@ALG@tmpcounter=\count96
\ALG@tmplength=\skip45
) (/usr/local/texlive/2017/texmf-dist/tex/latex/algorithms/algorithm.sty
Package: algorithm 2009/08/24 v0.1 Document Style `algorithm' - floating enviro
nment

(/usr/local/texlive/2017/texmf-dist/tex/latex/float/float.sty
Package: float 2001/11/08 v1.3d Float enhancements (AL)
\c@float@type=\count97
\float@exts=\toks15
\float@box=\box42
\@float@everytoks=\toks16
\@floatcapt=\box43
)
\@float@every@algorithm=\toks17
\c@algorithm=\count98
)
(./algpseudocode.sty
Package: algpseudocode 

Document Style - pseudocode environments for use with the `algorithmicx' style
) (/usr/local/texlive/2017/texmf-dist/tex/latex/algorithmicx/algpascal.sty
Package: algpascal 

Document Style - pascal environments for the `algorithmicx' style
) (/usr/local/texlive/2017/texmf-dist/tex/latex/algorithmicx/algc.sty
Package: algc 

Document Style - c/c++ environments for use with the `algorithmicx' style
)
No file algorithmicx.aux.
\openout1 = `algorithmicx.aux'.

LaTeX Font Info:    Checking defaults for OML/cmm/m/it on input line 26.
LaTeX Font Info:    ... okay on input line 26.
LaTeX Font Info:    Checking defaults for T1/cmr/m/n on input line 26.
LaTeX Font Info:    ... okay on input line 26.
LaTeX Font Info:    Checking defaults for OT1/cmr/m/n on input line 26.
LaTeX Font Info:    ... okay on input line 26.
LaTeX Font Info:    Checking defaults for OMS/cmsy/m/n on input line 26.
LaTeX Font Info:    ... okay on input line 26.
LaTeX Font Info:    Checking defaults for OMX/cmex/m/n on input line 26.
LaTeX Font Info:    ... okay on input line 26.
LaTeX Font Info:    Checking defaults for U/cmr/m/n on input line 26.
LaTeX Font Info:    ... okay on input line 26.
LaTeX Font Info:    Checking defaults for JY1/mc/m/n on input line 26.
LaTeX Font Info:    ... okay on input line 26.
LaTeX Font Info:    Checking defaults for JT1/mc/m/n on input line 26.
LaTeX Font Info:    ... okay on input line 26.
LaTeX Font Info:    External font `cmex10' loaded for size
(Font)              <17.28> on input line 27.
LaTeX Font Info:    External font `cmex10' loaded for size
(Font)              <12> on input line 27.
LaTeX Font Info:    Try loading font information for OMS+cmr on input line 27.
(/usr/local/texlive/2017/texmf-dist/tex/latex/base/omscmr.fd
File: omscmr.fd 2014/09/29 v2.5h Standard LaTeX font definitions
)
LaTeX Font Info:    Font shape `OMS/cmr/m/n' in size <12> not available
(Font)              Font shape `OMS/cmsy/m/n' tried instead on input line 27.
LaTeX Font Info:    External font `cmex10' loaded for size
(Font)              <8> on input line 27.
LaTeX Font Info:    External font `cmex10' loaded for size
(Font)              <6> on input line 27.
LaTeX Font Info:    External font `cmex10' loaded for size
(Font)              <5> on input line 27.
LaTeX Font Info:    Font shape `OMS/cmr/m/n' in size <6> not available
(Font)              Font shape `OMS/cmsy/m/n' tried instead on input line 27.
LaTeX Font Info:    Font shape `JT1/mc/bx/n' in size <9> not available
(Font)              Font shape `JT1/gt/m/n' tried instead on input line 28.
LaTeX Font Info:    Font shape `JY1/mc/bx/n' in size <9> not available
(Font)              Font shape `JY1/gt/m/n' tried instead on input line 28.
LaTeX Font Info:    Font shape `JT1/mc/bx/n' in size <14.4> not available
(Font)              Font shape `JT1/gt/m/n' tried instead on input line 34.
LaTeX Font Info:    Font shape `JY1/mc/bx/n' in size <14.4> not available
(Font)              Font shape `JY1/gt/m/n' tried instead on input line 34.

No file algorithmicx.toc.
\tf@toc=\write3
\openout3 = `algorithmicx.toc'.

LaTeX Font Info:    External font `cmex10' loaded for size
(Font)              <7> on input line 41.
LaTeX Font Info:    Font shape `JT1/mc/bx/n' in size <10> not available
(Font)              Font shape `JT1/gt/m/n' tried instead on input line 58.
LaTeX Font Info:    Font shape `JY1/mc/bx/n' in size <10> not available
(Font)              Font shape `JY1/gt/m/n' tried instead on input line 58.
LaTeX Font Info:    Font shape `JT1/mc/bx/n' in size <12> not available
(Font)              Font shape `JT1/gt/m/n' tried instead on input line 65.
LaTeX Font Info:    Font shape `JY1/mc/bx/n' in size <12> not available
(Font)              Font shape `JY1/gt/m/n' tried instead on input line 65.
[1

]

LaTeX Font Warning: Font shape `JT1/mc/m/it' undefined
(Font)              using `JT1/mc/m/n' instead on input line 109.


LaTeX Font Warning: Font shape `JY1/mc/m/it' undefined
(Font)              using `JY1/mc/m/n' instead on input line 109.

[2]
Overfull \hbox (6.74693pt too wide) in paragraph at lines 123--123
[]\OT1/cmtt/m/n/10 \algrenewcommand{\algorithmiccomment}[1]{\hskip3em$\rightarr
ow$ #1}[] 
 []


LaTeX Warning: Reference `euclid' on page 3 undefined on input line 154.


LaTeX Warning: Reference `euclidendwhile' on page 3 undefined on input line 154
.


LaTeX Warning: Reference `euclid' on page 3 undefined on input line 155.


LaTeX Warning: Reference `euclidendwhile' on page 3 undefined on input line 155
.

[3]

LaTeX Font Warning: Font shape `JT1/mc/m/sc' undefined
(Font)              using `JT1/mc/m/n' instead on input line 210.


LaTeX Font Warning: Font shape `JY1/mc/m/sc' undefined
(Font)              using `JY1/mc/m/n' instead on input line 210.

[4] [5] [6]

LaTeX Warning: Reference `euclid' on page 7 undefined on input line 506.

[7] [8]
Overfull \hbox (100.49762pt too wide) in paragraph at lines 633--633
[]\OT1/cmtt/m/n/10 \algrenewcommand\algorithmicwhile{\textbf{am\'\i g}}[] 
 []


Overfull \hbox (100.49762pt too wide) in paragraph at lines 633--633
[]\OT1/cmtt/m/n/10 \algrenewcommand\algorithmicdo{\textbf{v\'egezd el}}[] 
 []


Overfull \hbox (79.4978pt too wide) in paragraph at lines 633--633
[]\OT1/cmtt/m/n/10 \algrenewcommand\algorithmicend{\textbf{v\'ege}}[] 
 []


Overfull \hbox (2.22221pt too wide) in paragraph at lines 622--647
[] [] 
 []


LaTeX Warning: Reference `custom text' on page 9 undefined on input line 652.


Overfull \hbox (100.49762pt too wide) in paragraph at lines 666--666
[]\OT1/cmtt/m/n/10 \algrenewcommand\algorithmicwhile{\textbf{am\'\i g}}[] 
 []


Overfull \hbox (100.49762pt too wide) in paragraph at lines 666--666
[]\OT1/cmtt/m/n/10 \algrenewcommand\algorithmicdo{\textbf{v\'egezd el}}[] 
 []


Overfull \hbox (79.4978pt too wide) in paragraph at lines 666--666
[]\OT1/cmtt/m/n/10 \algrenewcommand\algorithmicend{\textbf{v\'ege}}[] 
 []


Overfull \hbox (137.2473pt too wide) in paragraph at lines 666--666
[]\OT1/cmtt/m/n/10 \algrenewtext{EndWhile}{\algorithmicwhile\ \algorithmicend}[
] 
 []


Overfull \hbox (2.22221pt too wide) in paragraph at lines 654--681
[] [] 
 []


Overfull \hbox (42.74812pt too wide) in paragraph at lines 693--693
[]\OT1/cmtt/m/n/10 \algnewcommand\algorithmicto{\textbf{to}}[] 
 []


Overfull \hbox (173.99698pt too wide) in paragraph at lines 693--693
[]  \OT1/cmtt/m/n/10 {\algorithmicfor\ #1 \gets #2 \algorithmicto\ #3 \algorith
micdo}[] 
 []


Overfull \hbox (2.22221pt too wide) in paragraph at lines 682--707
[] [] 
 []

[9]

LaTeX Warning: Reference `algorithmicx' on page 10 undefined on input line 722.


LaTeX Font Info:    Font shape `OMS/cmr/m/n' in size <10> not available
(Font)              Font shape `OMS/cmsy/m/n' tried instead on input line 741.
[10] [11]

LaTeX Warning: Reference `setblock' on page 12 undefined on input line 966.

[12]

LaTeX Warning: Reference `custom text' on page 13 undefined on input line 982.


Overfull \hbox (2.22221pt too wide) in paragraph at lines 1026--1071
[] [] 
 []

[13]
Overfull \hbox (84.74776pt too wide) in paragraph at lines 1105--1105
[]\OT1/cmtt/m/n/10 \algloopdefx{If}[1]{\textbf{If} #1 \textbf{then}}[] 
 []


Overfull \hbox (2.22221pt too wide) in paragraph at lines 1089--1127
[] [] 
 []

[14] [15]
Overfull \hbox (9.36044pt too wide) in paragraph at lines 1168--1170
[]\OT1/cmr/m/n/10 These macros cre-ate a con-tin-u-ing loop, the []\OT1/cmtt/m/
n/10 <continue> []\OT1/cmr/m/n/10 closes the []\OT1/cmtt/m/n/10 <old block>
 []


Overfull \hbox (32.24821pt too wide) in paragraph at lines 1194--1194
[]\OT1/cmtt/m/n/10 \algcblockdefx[Strange]{If}{Eeee}{Oooo}[] 
 []


Overfull \hbox (2.22221pt too wide) in paragraph at lines 1171--1222
[] [] 
 []


Overfull \hbox (2.22221pt too wide) in paragraph at lines 1223--1256
[] [] 
 []

[16]
Overfull \hbox (32.24821pt too wide) in paragraph at lines 1326--1326
[]\OT1/cmtt/m/n/10 \algsetblock[Name]{Start}{Stop}{3}{1cm}[] 
 []


Overfull \hbox (84.74776pt too wide) in paragraph at lines 1326--1326
[]\OT1/cmtt/m/n/10 \algsetcblock[CName]{Name}{CStart}{CStop}{2}{2cm}[] 
 []


Overfull \hbox (2.22221pt too wide) in paragraph at lines 1300--1357
[] [] 
 []

[17] [18] [19] [20] [21] [22]
Overfull \hbox (17.24684pt too wide) in paragraph at lines 1638--1638
[]               \OT1/cmtt/m/n/10 \State \Comment For some reason we need to br
eak here![] 
 []

[23] [24] [25] [26] [27] (./algorithmicx.aux)

LaTeX Font Warning: Some font shapes were not available, defaults substituted.


LaTeX Warning: There were undefined references.


LaTeX Warning: Label(s) may have changed. Rerun to get cross-references right.

 ) 
Here is how much of TeX's memory you used:
 1337 strings out of 493648
 18504 string characters out of 6148806
 79126 words of memory out of 5000000
 4964 multiletter control sequences out of 15000+600000
 17213 words of font info for 67 fonts, out of 8000000 for 9000
 929 hyphenation exceptions out of 8191
 27i,8n,20p,211b,365s stack positions out of 5000i,500n,10000p,200000b,80000s

Output written on algorithmicx.dvi (27 pages, 58444 bytes).
